[debug] [2021-08-09T08:51:04.395Z] ----------------------------------------------------------------------
[debug] [2021-08-09T08:51:04.398Z] Command:       C:\Karthik\Software\Learn\node-v10.15.1-win-x64\node.exe C:\Karthik\Software\Learn\node-v10.15.1-win-x64\node_modules\firebase-tools\lib\bin\firebase.js init
[debug] [2021-08-09T08:51:04.398Z] CLI Version:   9.16.0
[debug] [2021-08-09T08:51:04.398Z] Platform:      win32
[debug] [2021-08-09T08:51:04.398Z] Node Version:  v10.15.1
[debug] [2021-08-09T08:51:04.399Z] Time:          Mon Aug 09 2021 14:21:04 GMT+0530 (India Standard Time)
[debug] [2021-08-09T08:51:04.400Z] ----------------------------------------------------------------------
[debug] 
[debug] [2021-08-09T08:51:04.439Z] > command requires scopes: ["email","openid","https://www.googleapis.com/auth/cloudplatformprojects.readonly","https://www.googleapis.com/auth/firebase","https://www.googleapis.com/auth/cloud-platform"]
[debug] [2021-08-09T08:51:04.439Z] > authorizing via signed-in user (krishkarthik111@gmail.com)
[info] 
     ######## #### ########  ######## ########     ###     ######  ########
     ##        ##  ##     ## ##       ##     ##  ##   ##  ##       ##
     ######    ##  ########  ######   ########  #########  ######  ######
     ##        ##  ##    ##  ##       ##     ## ##     ##       ## ##
     ##       #### ##     ## ######## ########  ##     ##  ######  ########

You're about to initialize a Firebase project in this directory:

  C:\Users\KarthikParthasarathy\Desktop\WedTemplate\wedding

[info] 
=== Project Setup
[info] 
[info] First, let's associate this project directory with a Firebase project.
[info] You can create multiple project aliases by running firebase use --add, 
[info] but for now we'll just set up a default project.
[info] 
[debug] [2021-08-09T08:51:19.163Z] >>> [apiv2][query] GET https://firebase.googleapis.com/v1beta1/projects pageSize=100
[debug] [2021-08-09T08:51:40.497Z] Failed to make request to https://firebase.googleapis.com/v1beta1/projects?pageSize=100
[debug] [2021-08-09T08:52:01.568Z] FirebaseError: Failed to make request to https://firebase.googleapis.com/v1beta1/projects?pageSize=100
    at Client.doRequest (C:\Karthik\Software\Learn\node-v10.15.1-win-x64\node_modules\firebase-tools\lib\apiv2.js:211:19)
    at process._tickCallback (internal/process/next_tick.js:68:7)
[error] 
[error] Error: Failed to list Firebase projects. See firebase-debug.log for more info.
[debug] [2021-08-09T08:52:14.973Z] ----------------------------------------------------------------------
[debug] [2021-08-09T08:52:14.975Z] Command:       C:\Karthik\Software\Learn\node-v10.15.1-win-x64\node.exe C:\Karthik\Software\Learn\node-v10.15.1-win-x64\node_modules\firebase-tools\lib\bin\firebase.js init
[debug] [2021-08-09T08:52:14.975Z] CLI Version:   9.16.0
[debug] [2021-08-09T08:52:14.975Z] Platform:      win32
[debug] [2021-08-09T08:52:14.975Z] Node Version:  v10.15.1
[debug] [2021-08-09T08:52:14.976Z] Time:          Mon Aug 09 2021 14:22:14 GMT+0530 (India Standard Time)
[debug] [2021-08-09T08:52:14.977Z] ----------------------------------------------------------------------
[debug] 
[debug] [2021-08-09T08:52:14.991Z] > command requires scopes: ["email","openid","https://www.googleapis.com/auth/cloudplatformprojects.readonly","https://www.googleapis.com/auth/firebase","https://www.googleapis.com/auth/cloud-platform"]
[debug] [2021-08-09T08:52:14.991Z] > authorizing via signed-in user (krishkarthik111@gmail.com)
[info] 
     ######## #### ########  ######## ########     ###     ######  ########
     ##        ##  ##     ## ##       ##     ##  ##   ##  ##       ##
     ######    ##  ########  ######   ########  #########  ######  ######
     ##        ##  ##    ##  ##       ##     ## ##     ##       ## ##
     ##       #### ##     ## ######## ########  ##     ##  ######  ########

You're about to initialize a Firebase project in this directory:

  C:\Users\KarthikParthasarathy\Desktop\WedTemplate\wedding

